<?xml version="1.0" encoding="utf-8"?><testsuites name="pytest tests"><testsuite name="pytest" errors="0" failures="5" skipped="0" tests="34" time="6.194" timestamp="2026-08-21T12:07:00.292620+00:00" hostname="agent-env-c416aab8-387e-413b-99a5-8cc4d1e7feb1"><testcase classname="tests.backend_test.TestEnquiries" name="test_create_enquiry_and_persist" time="0.884" /><testcase classname="tests.backend_test.TestFrontendRoutes" name="test_route_200[/]" time="0.279" /><testcase classname="tests.backend_test.TestFrontendRoutes" name="test_route_200[/about]" time="0.323" /><testcase classname="tests.backend_test.TestFrontendRoutes" name="test_route_200[/awards]" time="0.221" /><testcase classname="tests.backend_test.TestFrontendRoutes" name="test_route_200[/company/kailash-lawyers]" time="0.275" /><testcase classname="tests.backend_test.TestEnquiries" name="test_enquiry_optional_fields" time="0.455" /><testcase classname="tests.backend_test.TestFrontendRoutes" name="test_route_200[/company/koala-invest]" time="0.176" /><testcase classname="tests.backend_test.TestFrontendRoutes" name="test_route_200[/company/kuber-projects]" time="0.211" /><testcase classname="tests.backend_test.TestEnquiries" name="test_enquiry_invalid_email" time="0.082" /><testcase classname="tests.backend_test.TestEnquiries" name="test_enquiry_missing_fields" time="0.075" /><testcase classname="tests.backend_test.TestFrontendRoutes" name="test_route_200[/legal/privacy]" time="0.386" /><testcase classname="tests.backend_test.TestEnquiries" name="test_unknown_api_route_404" time="0.108" /><testcase classname="tests.backend_test.TestStatus" name="test_create_and_list_status" time="0.157" /><testcase classname="tests.backend_test.TestStatus" name="test_create_status_validation" time="0.074" /><testcase classname="tests.backend_test.TestFrontendRoutes" name="test_route_200[/legal/disclaimer]" time="0.213" /><testcase classname="tests.backend_test.TestHealth" name="test_api_root" time="0.083" /><testcase classname="tests.backend_test.TestFrontendRoutes" name="test_route_200[/legal/acknowledgement]" time="0.201"><failure message="AssertionError: /legal/acknowledgement -&gt; 404&#10;assert 404 == 200&#10; +  where 404 = &lt;Response [404]&gt;.status_code">tests/backend_test.py:138: in test_route_200
    assert r.status_code == 200, f"{path} -&gt; {r.status_code}"
E   AssertionError: /legal/acknowledgement -&gt; 404
E   assert 404 == 200
E    +  where 404 = &lt;Response [404]&gt;.status_code</failure></testcase><testcase classname="tests.backend_test.TestFrontendRoutes" name="test_static_assets_200[/logo-white-stack.png]" time="0.385" /><testcase classname="tests.backend_test.TestFrontendRoutes" name="test_static_assets_200[/dhawal-amlani.jpeg]" time="0.136" /><testcase classname="tests.backend_test.TestFrontendRoutes" name="test_static_assets_200[/sumeet-gupta.jpeg]" time="0.138" /><testcase classname="tests.backend_test.TestFrontendRoutes" name="test_static_assets_200[/awards-group.webp]" time="0.208" /><testcase classname="tests.backend_test.TestFrontendRoutes" name="test_static_assets_200[/amit-pall.jpeg]" time="0.162" /><testcase classname="tests.backend_test.TestFrontendRoutes" name="test_legal_page_title[/legal/privacy-Privacy Policy]" time="0.218" /><testcase classname="tests.backend_test.TestFrontendRoutes" name="test_legal_page_title[/legal/disclaimer-Disclaimer]" time="0.180" /><testcase classname="tests.backend_test.TestFrontendRoutes" name="test_legal_page_title[/legal/acknowledgement-Acknowledgement of Country]" time="0.224"><failure message="assert 404 == 200&#10; +  where 404 = &lt;Response [404]&gt;.status_code">tests/backend_test.py:160: in test_legal_page_title
    assert r.status_code == 200
E   assert 404 == 200
E    +  where 404 = &lt;Response [404]&gt;.status_code</failure></testcase><testcase classname="tests.backend_test.TestFrontendRoutes" name="test_legal_unknown_slug_404" time="0.191" /><testcase classname="tests.backend_test.TestFrontendRoutes" name="test_awards_page_content" time="0.200"><failure message="AssertionError: /awards missing 'Specifically identified'&#10;assert 'Specifically identified' in '&lt;!DOCTYPE html&gt;&lt;html lang=&quot;en&quot;&gt;&lt;head&gt;&lt;meta charSet=&quot;utf-8&quot;/&gt;&lt;meta name=&quot;viewport&quot; content=&quot;width=device-width, initial-scale=1&quot;/&gt;&lt;link rel=&quot;stylesheet&quot; href=&quot;/_next/static/css/app/layout.css?v=1787314024872&quot; data-precedence=&quot;next_static/css/app/layout.css&quot;/&gt;&lt;link rel=&quot;preload&quot; as=&quot;script&quot; fetchPriority=&quot;low&quot; href=&quot;/_next/static/chunks/webpack.js?v=1787314024872&quot;/&gt;&lt;script src=&quot;/_next/static/chunks/main-app.js?v=1787314024872&quot; async=&quot;&quot;&gt;&lt;/script&gt;&lt;script src=&quot;/_next/static/chunks/app-pages-internals.js&quot; async=&quot;&quot;&gt;&lt;/script&gt;&lt;script src=&quot;/_next/static/chunks/app/layout.js&quot; async=&quot;&quot;&gt;&lt;/script&gt;&lt;script src=&quot;/_next/static/chunks/app/not-found.js&quot; async=&quot;&quot;&gt;&lt;/script&gt;&lt;script src=&quot;/_next/static/chunks/app/awards/page.js&quot; async=&quot;&quot;&gt;&lt;/script&gt;&lt;title&gt;Awards &amp;amp; Recognition, Kailash Group&lt;/title&gt;&lt;meta name=&quot;description&quot; content=&quot;Awards and recognition earned by Kailash Group companies, Kailash Lawyers &amp;amp; Consultants, Koala Invest and Kuber Projects.&quot;/&gt;&lt;script src=&quot;/_next/static/chunks/polyfills.js&quot; noModule=&quot;&quot;&gt;&lt;/script&gt;&lt;/head&gt;&lt;body class=&quot;grain&quot;&gt;&lt;div hidden=&quot;&quot;&gt;&lt;!--$--&gt;&lt;!--/$--&gt;&lt;/div&gt;&lt;div class=&quot;App&quot;&gt;&lt;header data-testid=&quot;site-nav&quot; class=&quot;fixed top-0 left-0 right-0 z-50 transition-[background,box-s...arned by Kailash Group companies, Kailash Lawyers \\u0026 Consultants, Koala Invest and Kuber Projects.\\&quot;},\\&quot;$36\\&quot;,\\&quot;$54\\&quot;,0]],\\&quot;error\\&quot;:null,\\&quot;digest\\&quot;:\\&quot;$undefined\\&quot;}\\n4c:\\&quot;$39:metadata\\&quot;\\n&quot;])&lt;/script&gt;&lt;script&gt;(function(){function c(){var b=a.contentDocument||(a.contentWindow&amp;&amp;a.contentWindow.document);if(b){var d=b.createElement(\'script\');d.innerHTML=&quot;window.__CF$cv$params={r:\'a2e983ef3d47fc36\',t:\'MTc4NzMxNDAyNA==\'};var a=document.createElement(\'script\');a.src=\'/cdn-cgi/challenge-platform/scripts/jsd/main.js\';document.getElementsByTagName(\'head\')[0].appendChild(a);&quot;;b.getElementsByTagName(\'head\')[0].appendChild(d)}}if(document.body){var a=document.createElement(\'iframe\');a.height=1;a.width=1;a.style.position=\'absolute\';a.style.top=0;a.style.left=0;a.style.border=\'none\';a.style.visibility=\'hidden\';document.body.appendChild(a);if(\'loading\'!==document.readyState)c();else if(window.addEventListener)document.addEventListener(\'DOMContentLoaded\',c);else{var e=document.onreadystatechange||function(){};document.onreadystatechange=function(b){e(b);\'loading\'!==document.readyState&amp;&amp;(document.onreadystatechange=e,c())}}}})();&lt;/script&gt;&lt;/body&gt;&lt;/html&gt;'&#10; +  where '&lt;!DOCTYPE html&gt;&lt;html lang=&quot;en&quot;&gt;&lt;head&gt;&lt;meta charSet=&quot;utf-8&quot;/&gt;&lt;meta name=&quot;viewport&quot; content=&quot;width=device-width, initial-scale=1&quot;/&gt;&lt;link rel=&quot;stylesheet&quot; href=&quot;/_next/static/css/app/layout.css?v=1787314024872&quot; data-precedence=&quot;next_static/css/app/layout.css&quot;/&gt;&lt;link rel=&quot;preload&quot; as=&quot;script&quot; fetchPriority=&quot;low&quot; href=&quot;/_next/static/chunks/webpack.js?v=1787314024872&quot;/&gt;&lt;script src=&quot;/_next/static/chunks/main-app.js?v=1787314024872&quot; async=&quot;&quot;&gt;&lt;/script&gt;&lt;script src=&quot;/_next/static/chunks/app-pages-internals.js&quot; async=&quot;&quot;&gt;&lt;/script&gt;&lt;script src=&quot;/_next/static/chunks/app/layout.js&quot; async=&quot;&quot;&gt;&lt;/script&gt;&lt;script src=&quot;/_next/static/chunks/app/not-found.js&quot; async=&quot;&quot;&gt;&lt;/script&gt;&lt;script src=&quot;/_next/static/chunks/app/awards/page.js&quot; async=&quot;&quot;&gt;&lt;/script&gt;&lt;title&gt;Awards &amp;amp; Recognition, Kailash Group&lt;/title&gt;&lt;meta name=&quot;description&quot; content=&quot;Awards and recognition earned by Kailash Group companies, Kailash Lawyers &amp;amp; Consultants, Koala Invest and Kuber Projects.&quot;/&gt;&lt;script src=&quot;/_next/static/chunks/polyfills.js&quot; noModule=&quot;&quot;&gt;&lt;/script&gt;&lt;/head&gt;&lt;body class=&quot;grain&quot;&gt;&lt;div hidden=&quot;&quot;&gt;&lt;!--$--&gt;&lt;!--/$--&gt;&lt;/div&gt;&lt;div class=&quot;App&quot;&gt;&lt;header data-testid=&quot;site-nav&quot; class=&quot;fixed top-0 left-0 right-0 z-50 transition-[background,box-s...arned by Kailash Group companies, Kailash Lawyers \\u0026 Consultants, Koala Invest and Kuber Projects.\\&quot;},\\&quot;$36\\&quot;,\\&quot;$54\\&quot;,0]],\\&quot;error\\&quot;:null,\\&quot;digest\\&quot;:\\&quot;$undefined\\&quot;}\\n4c:\\&quot;$39:metadata\\&quot;\\n&quot;])&lt;/script&gt;&lt;script&gt;(function(){function c(){var b=a.contentDocument||(a.contentWindow&amp;&amp;a.contentWindow.document);if(b){var d=b.createElement(\'script\');d.innerHTML=&quot;window.__CF$cv$params={r:\'a2e983ef3d47fc36\',t:\'MTc4NzMxNDAyNA==\'};var a=document.createElement(\'script\');a.src=\'/cdn-cgi/challenge-platform/scripts/jsd/main.js\';document.getElementsByTagName(\'head\')[0].appendChild(a);&quot;;b.getElementsByTagName(\'head\')[0].appendChild(d)}}if(document.body){var a=document.createElement(\'iframe\');a.height=1;a.width=1;a.style.position=\'absolute\';a.style.top=0;a.style.left=0;a.style.border=\'none\';a.style.visibility=\'hidden\';document.body.appendChild(a);if(\'loading\'!==document.readyState)c();else if(window.addEventListener)document.addEventListener(\'DOMContentLoaded\',c);else{var e=document.onreadystatechange||function(){};document.onreadystatechange=function(b){e(b);\'loading\'!==document.readyState&amp;&amp;(document.onreadystatechange=e,c())}}}})();&lt;/script&gt;&lt;/body&gt;&lt;/html&gt;' = &lt;Response [200]&gt;.text">tests/backend_test.py:173: in test_awards_page_content
    assert token in r.text, f"/awards missing '{token}'"
E   AssertionError: /awards missing 'Specifically identified'
E   assert 'Specifically identified' in '&lt;!DOCTYPE html&gt;&lt;html lang="en"&gt;&lt;head&gt;&lt;meta charSet="utf-8"/&gt;&lt;meta name="viewport" content="width=device-width, initial-scale=1"/&gt;&lt;link rel="stylesheet" href="/_next/static/css/app/layout.css?v=1787314024872" data-precedence="next_static/css/app/layout.css"/&gt;&lt;link rel="preload" as="script" fetchPriority="low" href="/_next/static/chunks/webpack.js?v=1787314024872"/&gt;&lt;script src="/_next/static/chunks/main-app.js?v=1787314024872" async=""&gt;&lt;/script&gt;&lt;script src="/_next/static/chunks/app-pages-internals.js" async=""&gt;&lt;/script&gt;&lt;script src="/_next/static/chunks/app/layout.js" async=""&gt;&lt;/script&gt;&lt;script src="/_next/static/chunks/app/not-found.js" async=""&gt;&lt;/script&gt;&lt;script src="/_next/static/chunks/app/awards/page.js" async=""&gt;&lt;/script&gt;&lt;title&gt;Awards &amp;amp; Recognition, Kailash Group&lt;/title&gt;&lt;meta name="description" content="Awards and recognition earned by Kailash Group companies, Kailash Lawyers &amp;amp; Consultants, Koala Invest and Kuber Projects."/&gt;&lt;script src="/_next/static/chunks/polyfills.js" noModule=""&gt;&lt;/script&gt;&lt;/head&gt;&lt;body class="grain"&gt;&lt;div hidden=""&gt;&lt;!--$--&gt;&lt;!--/$--&gt;&lt;/div&gt;&lt;div class="App"&gt;&lt;header data-testid="site-nav" class="fixed top-0 left-0 right-0 z-50 transition-[background,box-s...arned by Kailash Group companies, Kailash Lawyers \\u0026 Consultants, Koala Invest and Kuber Projects.\\"},\\"$36\\",\\"$54\\",0]],\\"error\\":null,\\"digest\\":\\"$undefined\\"}\\n4c:\\"$39:metadata\\"\\n"])&lt;/script&gt;&lt;script&gt;(function(){function c(){var b=a.contentDocument||(a.contentWindow&amp;&amp;a.contentWindow.document);if(b){var d=b.createElement(\'script\');d.innerHTML="window.__CF$cv$params={r:\'a2e983ef3d47fc36\',t:\'MTc4NzMxNDAyNA==\'};var a=document.createElement(\'script\');a.src=\'/cdn-cgi/challenge-platform/scripts/jsd/main.js\';document.getElementsByTagName(\'head\')[0].appendChild(a);";b.getElementsByTagName(\'head\')[0].appendChild(d)}}if(document.body){var a=document.createElement(\'iframe\');a.height=1;a.width=1;a.style.position=\'absolute\';a.style.top=0;a.style.left=0;a.style.border=\'none\';a.style.visibility=\'hidden\';document.body.appendChild(a);if(\'loading\'!==document.readyState)c();else if(window.addEventListener)document.addEventListener(\'DOMContentLoaded\',c);else{var e=document.onreadystatechange||function(){};document.onreadystatechange=function(b){e(b);\'loading\'!==document.readyState&amp;&amp;(document.onreadystatechange=e,c())}}}})();&lt;/script&gt;&lt;/body&gt;&lt;/html&gt;'
E    +  where '&lt;!DOCTYPE html&gt;&lt;html lang="en"&gt;&lt;head&gt;&lt;meta charSet="utf-8"/&gt;&lt;meta name="viewport" content="width=device-width, initial-scale=1"/&gt;&lt;link rel="stylesheet" href="/_next/static/css/app/layout.css?v=1787314024872" data-precedence="next_static/css/app/layout.css"/&gt;&lt;link rel="preload" as="script" fetchPriority="low" href="/_next/static/chunks/webpack.js?v=1787314024872"/&gt;&lt;script src="/_next/static/chunks/main-app.js?v=1787314024872" async=""&gt;&lt;/script&gt;&lt;script src="/_next/static/chunks/app-pages-internals.js" async=""&gt;&lt;/script&gt;&lt;script src="/_next/static/chunks/app/layout.js" async=""&gt;&lt;/script&gt;&lt;script src="/_next/static/chunks/app/not-found.js" async=""&gt;&lt;/script&gt;&lt;script src="/_next/static/chunks/app/awards/page.js" async=""&gt;&lt;/script&gt;&lt;title&gt;Awards &amp;amp; Recognition, Kailash Group&lt;/title&gt;&lt;meta name="description" content="Awards and recognition earned by Kailash Group companies, Kailash Lawyers &amp;amp; Consultants, Koala Invest and Kuber Projects."/&gt;&lt;script src="/_next/static/chunks/polyfills.js" noModule=""&gt;&lt;/script&gt;&lt;/head&gt;&lt;body class="grain"&gt;&lt;div hidden=""&gt;&lt;!--$--&gt;&lt;!--/$--&gt;&lt;/div&gt;&lt;div class="App"&gt;&lt;header data-testid="site-nav" class="fixed top-0 left-0 right-0 z-50 transition-[background,box-s...arned by Kailash Group companies, Kailash Lawyers \\u0026 Consultants, Koala Invest and Kuber Projects.\\"},\\"$36\\",\\"$54\\",0]],\\"error\\":null,\\"digest\\":\\"$undefined\\"}\\n4c:\\"$39:metadata\\"\\n"])&lt;/script&gt;&lt;script&gt;(function(){function c(){var b=a.contentDocument||(a.contentWindow&amp;&amp;a.contentWindow.document);if(b){var d=b.createElement(\'script\');d.innerHTML="window.__CF$cv$params={r:\'a2e983ef3d47fc36\',t:\'MTc4NzMxNDAyNA==\'};var a=document.createElement(\'script\');a.src=\'/cdn-cgi/challenge-platform/scripts/jsd/main.js\';document.getElementsByTagName(\'head\')[0].appendChild(a);";b.getElementsByTagName(\'head\')[0].appendChild(d)}}if(document.body){var a=document.createElement(\'iframe\');a.height=1;a.width=1;a.style.position=\'absolute\';a.style.top=0;a.style.left=0;a.style.border=\'none\';a.style.visibility=\'hidden\';document.body.appendChild(a);if(\'loading\'!==document.readyState)c();else if(window.addEventListener)document.addEventListener(\'DOMContentLoaded\',c);else{var e=document.onreadystatechange||function(){};document.onreadystatechange=function(b){e(b);\'loading\'!==document.readyState&amp;&amp;(document.onreadystatechange=e,c())}}}})();&lt;/script&gt;&lt;/body&gt;&lt;/html&gt;' = &lt;Response [200]&gt;.text</failure></testcase><testcase classname="tests.backend_test.TestFrontendRoutes" name="test_about_page_team_photos" time="0.207" /><testcase classname="tests.backend_test.TestFrontendRoutes" name="test_company_visit_website[kailash-lawyers-https://www.kailash.com.au/]" time="0.200" /><testcase classname="tests.backend_test.TestFrontendRoutes" name="test_company_visit_website[koala-invest-https://koalainvest.com.au/]" time="0.187" /><testcase classname="tests.backend_test.TestFrontendRoutes" name="test_company_visit_website[kuber-projects-https://kuberprojects.com.au/]" time="0.210" /><testcase classname="tests.backend_test.TestFrontendRoutes" name="test_home_new_sections" time="0.277"><failure message="AssertionError: home missing 'footer-acknowledgement'&#10;assert 'footer-acknowledgement' in '&lt;!DOCTYPE html&gt;&lt;html lang=&quot;en&quot;&gt;&lt;head&gt;&lt;meta charSet=&quot;utf-8&quot;/&gt;&lt;meta name=&quot;viewport&quot; content=&quot;width=device-width, initial-scale=1&quot;/&gt;&lt;link rel=&quot;preload&quot; as=&quot;image&quot; href=&quot;https://images.unsplash.com/photo-1506126613408-eca07ce68773?auto=format&amp;amp;fit=crop&amp;amp;w=1400&amp;amp;q=80&quot;/&gt;&lt;link rel=&quot;preload&quot; as=&quot;image&quot; href=&quot;https://images.unsplash.com/photo-1573497019940-1c28c88b4f3e?auto=format&amp;amp;fit=crop&amp;amp;w=1400&amp;amp;q=80&quot;/&gt;&lt;link rel=&quot;preload&quot; as=&quot;image&quot; href=&quot;/logo-footer.png&quot;/&gt;&lt;link rel=&quot;stylesheet&quot; href=&quot;/_next/static/css/app/layout.css?v=1787314025882&quot; data-precedence=&quot;next_static/css/app/layout.css&quot;/&gt;&lt;link rel=&quot;preload&quot; as=&quot;script&quot; fetchPriority=&quot;low&quot; href=&quot;/_next/static/chunks/webpack.js?v=1787314025882&quot;/&gt;&lt;script src=&quot;/_next/static/chunks/main-app.js?v=1787314025882&quot; async=&quot;&quot;&gt;&lt;/script&gt;&lt;script src=&quot;/_next/static/chunks/app-pages-internals.js&quot; async=&quot;&quot;&gt;&lt;/script&gt;&lt;script src=&quot;/_next/static/chunks/app/layout.js&quot; async=&quot;&quot;&gt;&lt;/script&gt;&lt;script src=&quot;/_next/static/chunks/app/not-found.js&quot; async=&quot;&quot;&gt;&lt;/script&gt;&lt;script src=&quot;/_next/static/chunks/app/page.js&quot; async=&quot;&quot;&gt;&lt;/script&gt;&lt;title&gt;Kailash Group, Legal, Property Investment &amp;amp; Development&lt;/title&gt;&lt;meta name=&quot;description&quot; content=&quot;Where legal expert...gal expertise meets property investment and development, delivering trusted solutions across Australia.\\&quot;},\\&quot;$30\\&quot;,\\&quot;$4e\\&quot;,0]],\\&quot;error\\&quot;:null,\\&quot;digest\\&quot;:\\&quot;$undefined\\&quot;}\\n46:\\&quot;$33:metadata\\&quot;\\n&quot;])&lt;/script&gt;&lt;script&gt;(function(){function c(){var b=a.contentDocument||(a.contentWindow&amp;&amp;a.contentWindow.document);if(b){var d=b.createElement(\'script\');d.innerHTML=&quot;window.__CF$cv$params={r:\'a2e983f59d02b1d6\',t:\'MTc4NzMxNDAyNQ==\'};var a=document.createElement(\'script\');a.src=\'/cdn-cgi/challenge-platform/scripts/jsd/main.js\';document.getElementsByTagName(\'head\')[0].appendChild(a);&quot;;b.getElementsByTagName(\'head\')[0].appendChild(d)}}if(document.body){var a=document.createElement(\'iframe\');a.height=1;a.width=1;a.style.position=\'absolute\';a.style.top=0;a.style.left=0;a.style.border=\'none\';a.style.visibility=\'hidden\';document.body.appendChild(a);if(\'loading\'!==document.readyState)c();else if(window.addEventListener)document.addEventListener(\'DOMContentLoaded\',c);else{var e=document.onreadystatechange||function(){};document.onreadystatechange=function(b){e(b);\'loading\'!==document.readyState&amp;&amp;(document.onreadystatechange=e,c())}}}})();&lt;/script&gt;&lt;/body&gt;&lt;/html&gt;'&#10; +  where '&lt;!DOCTYPE html&gt;&lt;html lang=&quot;en&quot;&gt;&lt;head&gt;&lt;meta charSet=&quot;utf-8&quot;/&gt;&lt;meta name=&quot;viewport&quot; content=&quot;width=device-width, initial-scale=1&quot;/&gt;&lt;link rel=&quot;preload&quot; as=&quot;image&quot; href=&quot;https://images.unsplash.com/photo-1506126613408-eca07ce68773?auto=format&amp;amp;fit=crop&amp;amp;w=1400&amp;amp;q=80&quot;/&gt;&lt;link rel=&quot;preload&quot; as=&quot;image&quot; href=&quot;https://images.unsplash.com/photo-1573497019940-1c28c88b4f3e?auto=format&amp;amp;fit=crop&amp;amp;w=1400&amp;amp;q=80&quot;/&gt;&lt;link rel=&quot;preload&quot; as=&quot;image&quot; href=&quot;/logo-footer.png&quot;/&gt;&lt;link rel=&quot;stylesheet&quot; href=&quot;/_next/static/css/app/layout.css?v=1787314025882&quot; data-precedence=&quot;next_static/css/app/layout.css&quot;/&gt;&lt;link rel=&quot;preload&quot; as=&quot;script&quot; fetchPriority=&quot;low&quot; href=&quot;/_next/static/chunks/webpack.js?v=1787314025882&quot;/&gt;&lt;script src=&quot;/_next/static/chunks/main-app.js?v=1787314025882&quot; async=&quot;&quot;&gt;&lt;/script&gt;&lt;script src=&quot;/_next/static/chunks/app-pages-internals.js&quot; async=&quot;&quot;&gt;&lt;/script&gt;&lt;script src=&quot;/_next/static/chunks/app/layout.js&quot; async=&quot;&quot;&gt;&lt;/script&gt;&lt;script src=&quot;/_next/static/chunks/app/not-found.js&quot; async=&quot;&quot;&gt;&lt;/script&gt;&lt;script src=&quot;/_next/static/chunks/app/page.js&quot; async=&quot;&quot;&gt;&lt;/script&gt;&lt;title&gt;Kailash Group, Legal, Property Investment &amp;amp; Development&lt;/title&gt;&lt;meta name=&quot;description&quot; content=&quot;Where legal expert...gal expertise meets property investment and development, delivering trusted solutions across Australia.\\&quot;},\\&quot;$30\\&quot;,\\&quot;$4e\\&quot;,0]],\\&quot;error\\&quot;:null,\\&quot;digest\\&quot;:\\&quot;$undefined\\&quot;}\\n46:\\&quot;$33:metadata\\&quot;\\n&quot;])&lt;/script&gt;&lt;script&gt;(function(){function c(){var b=a.contentDocument||(a.contentWindow&amp;&amp;a.contentWindow.document);if(b){var d=b.createElement(\'script\');d.innerHTML=&quot;window.__CF$cv$params={r:\'a2e983f59d02b1d6\',t:\'MTc4NzMxNDAyNQ==\'};var a=document.createElement(\'script\');a.src=\'/cdn-cgi/challenge-platform/scripts/jsd/main.js\';document.getElementsByTagName(\'head\')[0].appendChild(a);&quot;;b.getElementsByTagName(\'head\')[0].appendChild(d)}}if(document.body){var a=document.createElement(\'iframe\');a.height=1;a.width=1;a.style.position=\'absolute\';a.style.top=0;a.style.left=0;a.style.border=\'none\';a.style.visibility=\'hidden\';document.body.appendChild(a);if(\'loading\'!==document.readyState)c();else if(window.addEventListener)document.addEventListener(\'DOMContentLoaded\',c);else{var e=document.onreadystatechange||function(){};document.onreadystatechange=function(b){e(b);\'loading\'!==document.readyState&amp;&amp;(document.onreadystatechange=e,c())}}}})();&lt;/script&gt;&lt;/body&gt;&lt;/html&gt;' = &lt;Response [200]&gt;.text">tests/backend_test.py:202: in test_home_new_sections
    assert token in r.text, f"home missing '{token}'"
E   AssertionError: home missing 'footer-acknowledgement'
E   assert 'footer-acknowledgement' in '&lt;!DOCTYPE html&gt;&lt;html lang="en"&gt;&lt;head&gt;&lt;meta charSet="utf-8"/&gt;&lt;meta name="viewport" content="width=device-width, initial-scale=1"/&gt;&lt;link rel="preload" as="image" href="https://images.unsplash.com/photo-1506126613408-eca07ce68773?auto=format&amp;amp;fit=crop&amp;amp;w=1400&amp;amp;q=80"/&gt;&lt;link rel="preload" as="image" href="https://images.unsplash.com/photo-1573497019940-1c28c88b4f3e?auto=format&amp;amp;fit=crop&amp;amp;w=1400&amp;amp;q=80"/&gt;&lt;link rel="preload" as="image" href="/logo-footer.png"/&gt;&lt;link rel="stylesheet" href="/_next/static/css/app/layout.css?v=1787314025882" data-precedence="next_static/css/app/layout.css"/&gt;&lt;link rel="preload" as="script" fetchPriority="low" href="/_next/static/chunks/webpack.js?v=1787314025882"/&gt;&lt;script src="/_next/static/chunks/main-app.js?v=1787314025882" async=""&gt;&lt;/script&gt;&lt;script src="/_next/static/chunks/app-pages-internals.js" async=""&gt;&lt;/script&gt;&lt;script src="/_next/static/chunks/app/layout.js" async=""&gt;&lt;/script&gt;&lt;script src="/_next/static/chunks/app/not-found.js" async=""&gt;&lt;/script&gt;&lt;script src="/_next/static/chunks/app/page.js" async=""&gt;&lt;/script&gt;&lt;title&gt;Kailash Group, Legal, Property Investment &amp;amp; Development&lt;/title&gt;&lt;meta name="description" content="Where legal expert...gal expertise meets property investment and development, delivering trusted solutions across Australia.\\"},\\"$30\\",\\"$4e\\",0]],\\"error\\":null,\\"digest\\":\\"$undefined\\"}\\n46:\\"$33:metadata\\"\\n"])&lt;/script&gt;&lt;script&gt;(function(){function c(){var b=a.contentDocument||(a.contentWindow&amp;&amp;a.contentWindow.document);if(b){var d=b.createElement(\'script\');d.innerHTML="window.__CF$cv$params={r:\'a2e983f59d02b1d6\',t:\'MTc4NzMxNDAyNQ==\'};var a=document.createElement(\'script\');a.src=\'/cdn-cgi/challenge-platform/scripts/jsd/main.js\';document.getElementsByTagName(\'head\')[0].appendChild(a);";b.getElementsByTagName(\'head\')[0].appendChild(d)}}if(document.body){var a=document.createElement(\'iframe\');a.height=1;a.width=1;a.style.position=\'absolute\';a.style.top=0;a.style.left=0;a.style.border=\'none\';a.style.visibility=\'hidden\';document.body.appendChild(a);if(\'loading\'!==document.readyState)c();else if(window.addEventListener)document.addEventListener(\'DOMContentLoaded\',c);else{var e=document.onreadystatechange||function(){};document.onreadystatechange=function(b){e(b);\'loading\'!==document.readyState&amp;&amp;(document.onreadystatechange=e,c())}}}})();&lt;/script&gt;&lt;/body&gt;&lt;/html&gt;'
E    +  where '&lt;!DOCTYPE html&gt;&lt;html lang="en"&gt;&lt;head&gt;&lt;meta charSet="utf-8"/&gt;&lt;meta name="viewport" content="width=device-width, initial-scale=1"/&gt;&lt;link rel="preload" as="image" href="https://images.unsplash.com/photo-1506126613408-eca07ce68773?auto=format&amp;amp;fit=crop&amp;amp;w=1400&amp;amp;q=80"/&gt;&lt;link rel="preload" as="image" href="https://images.unsplash.com/photo-1573497019940-1c28c88b4f3e?auto=format&amp;amp;fit=crop&amp;amp;w=1400&amp;amp;q=80"/&gt;&lt;link rel="preload" as="image" href="/logo-footer.png"/&gt;&lt;link rel="stylesheet" href="/_next/static/css/app/layout.css?v=1787314025882" data-precedence="next_static/css/app/layout.css"/&gt;&lt;link rel="preload" as="script" fetchPriority="low" href="/_next/static/chunks/webpack.js?v=1787314025882"/&gt;&lt;script src="/_next/static/chunks/main-app.js?v=1787314025882" async=""&gt;&lt;/script&gt;&lt;script src="/_next/static/chunks/app-pages-internals.js" async=""&gt;&lt;/script&gt;&lt;script src="/_next/static/chunks/app/layout.js" async=""&gt;&lt;/script&gt;&lt;script src="/_next/static/chunks/app/not-found.js" async=""&gt;&lt;/script&gt;&lt;script src="/_next/static/chunks/app/page.js" async=""&gt;&lt;/script&gt;&lt;title&gt;Kailash Group, Legal, Property Investment &amp;amp; Development&lt;/title&gt;&lt;meta name="description" content="Where legal expert...gal expertise meets property investment and development, delivering trusted solutions across Australia.\\"},\\"$30\\",\\"$4e\\",0]],\\"error\\":null,\\"digest\\":\\"$undefined\\"}\\n46:\\"$33:metadata\\"\\n"])&lt;/script&gt;&lt;script&gt;(function(){function c(){var b=a.contentDocument||(a.contentWindow&amp;&amp;a.contentWindow.document);if(b){var d=b.createElement(\'script\');d.innerHTML="window.__CF$cv$params={r:\'a2e983f59d02b1d6\',t:\'MTc4NzMxNDAyNQ==\'};var a=document.createElement(\'script\');a.src=\'/cdn-cgi/challenge-platform/scripts/jsd/main.js\';document.getElementsByTagName(\'head\')[0].appendChild(a);";b.getElementsByTagName(\'head\')[0].appendChild(d)}}if(document.body){var a=document.createElement(\'iframe\');a.height=1;a.width=1;a.style.position=\'absolute\';a.style.top=0;a.style.left=0;a.style.border=\'none\';a.style.visibility=\'hidden\';document.body.appendChild(a);if(\'loading\'!==document.readyState)c();else if(window.addEventListener)document.addEventListener(\'DOMContentLoaded\',c);else{var e=document.onreadystatechange||function(){};document.onreadystatechange=function(b){e(b);\'loading\'!==document.readyState&amp;&amp;(document.onreadystatechange=e,c())}}}})();&lt;/script&gt;&lt;/body&gt;&lt;/html&gt;' = &lt;Response [200]&gt;.text</failure></testcase><testcase classname="tests.backend_test.TestFrontendRoutes" name="test_unknown_route_returns_404" time="0.152" /><testcase classname="tests.backend_test.TestFrontendRoutes" name="test_unknown_company_slug_404" time="0.183"><failure message="AssertionError: expected 404, got 200&#10;assert 200 == 404&#10; +  where 200 = &lt;Response [200]&gt;.status_code">tests/backend_test.py:212: in test_unknown_company_slug_404
    assert r.status_code == 404, f"expected 404, got {r.status_code}"
E   AssertionError: expected 404, got 200
E   assert 200 == 404
E    +  where 200 = &lt;Response [200]&gt;.status_code</failure></testcase></testsuite></testsuites>