<?xml version="1.0" encoding="utf-8"?><testsuites name="pytest tests"><testsuite name="pytest" errors="0" failures="1" skipped="0" tests="34" time="9.042" timestamp="2026-08-21T10:11:24.968421+00:00" hostname="agent-env-c416aab8-387e-413b-99a5-8cc4d1e7feb1"><testcase classname="tests.backend_test.TestEnquiries" name="test_create_enquiry_and_persist" time="0.990" /><testcase classname="tests.backend_test.TestFrontendRoutes" name="test_route_200[/]" time="0.509" /><testcase classname="tests.backend_test.TestFrontendRoutes" name="test_route_200[/about]" time="0.223" /><testcase classname="tests.backend_test.TestFrontendRoutes" name="test_route_200[/awards]" time="0.291" /><testcase classname="tests.backend_test.TestEnquiries" name="test_enquiry_optional_fields" time="0.485" /><testcase classname="tests.backend_test.TestFrontendRoutes" name="test_route_200[/company/kailash-lawyers]" time="0.256" /><testcase classname="tests.backend_test.TestFrontendRoutes" name="test_route_200[/company/koala-invest]" time="0.371" /><testcase classname="tests.backend_test.TestEnquiries" name="test_enquiry_invalid_email" time="0.114" /><testcase classname="tests.backend_test.TestEnquiries" name="test_enquiry_missing_fields" time="0.100" /><testcase classname="tests.backend_test.TestFrontendRoutes" name="test_route_200[/company/kuber-projects]" time="0.248" /><testcase classname="tests.backend_test.TestEnquiries" name="test_unknown_api_route_404" time="0.070" /><testcase classname="tests.backend_test.TestStatus" name="test_create_and_list_status" time="0.158" /><testcase classname="tests.backend_test.TestFrontendRoutes" name="test_route_200[/legal/privacy]" time="0.250" /><testcase classname="tests.backend_test.TestStatus" name="test_create_status_validation" time="0.068" /><testcase classname="tests.backend_test.TestHealth" name="test_api_root" time="0.070" /><testcase classname="tests.backend_test.TestFrontendRoutes" name="test_route_200[/legal/disclaimer]" time="0.248" /><testcase classname="tests.backend_test.TestFrontendRoutes" name="test_route_200[/legal/acknowledgement]" time="0.294" /><testcase classname="tests.backend_test.TestFrontendRoutes" name="test_static_assets_200[/logo-white-stack.png]" time="0.278" /><testcase classname="tests.backend_test.TestFrontendRoutes" name="test_static_assets_200[/dhawal-amlani.jpeg]" time="0.120" /><testcase classname="tests.backend_test.TestFrontendRoutes" name="test_static_assets_200[/sumeet-gupta.jpeg]" time="0.108" /><testcase classname="tests.backend_test.TestFrontendRoutes" name="test_static_assets_200[/awards-group.webp]" time="0.260" /><testcase classname="tests.backend_test.TestFrontendRoutes" name="test_static_assets_200[/amit-pall.jpeg]" time="0.294" /><testcase classname="tests.backend_test.TestFrontendRoutes" name="test_legal_page_title[/legal/privacy-Privacy Policy]" time="0.224" /><testcase classname="tests.backend_test.TestFrontendRoutes" name="test_legal_page_title[/legal/disclaimer-Disclaimer]" time="0.364" /><testcase classname="tests.backend_test.TestFrontendRoutes" name="test_legal_page_title[/legal/acknowledgement-Acknowledgement of Country]" time="0.301" /><testcase classname="tests.backend_test.TestFrontendRoutes" name="test_legal_unknown_slug_404" time="1.279" /><testcase classname="tests.backend_test.TestFrontendRoutes" name="test_awards_page_content" time="0.246" /><testcase classname="tests.backend_test.TestFrontendRoutes" name="test_about_page_team_photos" time="0.214" /><testcase classname="tests.backend_test.TestFrontendRoutes" name="test_company_visit_website[kailash-lawyers-https://www.kailash.com.au/]" time="0.215" /><testcase classname="tests.backend_test.TestFrontendRoutes" name="test_company_visit_website[koala-invest-https://koalainvest.com.au/]" time="0.289" /><testcase classname="tests.backend_test.TestFrontendRoutes" name="test_company_visit_website[kuber-projects-https://kuberprojects.com.au/]" time="0.385" /><testcase classname="tests.backend_test.TestFrontendRoutes" name="test_home_new_sections" time="0.610" /><testcase classname="tests.backend_test.TestFrontendRoutes" name="test_unknown_route_returns_404" time="0.204" /><testcase classname="tests.backend_test.TestFrontendRoutes" name="test_unknown_company_slug_404" time="0.208"><failure message="AssertionError: expected 404, got 200&#10;assert 200 == 404&#10; +  where 200 = &lt;Response [200]&gt;.status_code">tests/backend_test.py:212: in test_unknown_company_slug_404
    assert r.status_code == 404, f"expected 404, got {r.status_code}"
E   AssertionError: expected 404, got 200
E   assert 200 == 404
E    +  where 200 = &lt;Response [200]&gt;.status_code</failure></testcase></testsuite></testsuites>